
<<< setup

Version identifier: 22.1.1.0 | 2022-11-28 | 9160aff4d
CPXPARAM_TimeLimit                               120
Tried aggregator 1 time.
MIP Presolve eliminated 2822 rows and 1608 columns.
MIP Presolve modified 260 coefficients.
Reduced MIP has 15896 rows, 9359 columns, and 53213 nonzeros.
Reduced MIP has 4503 binaries, 4051 generals, 0 SOSs, and 0 indicators.
Presolve time = 0.04 sec. (48.22 ticks)
Found incumbent of value 80.000000 after 0.05 sec. (58.45 ticks)
Probing time = 0.01 sec. (5.89 ticks)
Tried aggregator 1 time.
Detecting symmetries...
Reduced MIP has 15896 rows, 9359 columns, and 53213 nonzeros.
Reduced MIP has 4503 binaries, 4051 generals, 0 SOSs, and 0 indicators.
Presolve time = 0.03 sec. (40.13 ticks)
Probing time = 0.01 sec. (5.80 ticks)
Clique table members: 15246.
MIP emphasis: balance optimality and feasibility.
MIP search method: dynamic search.
Parallel mode: deterministic, using up to 16 threads.
Root relaxation solution time = 0.20 sec. (248.11 ticks)

        Nodes                                         Cuts/
   Node  Left     Objective  IInf  Best Integer    Best Bound    ItCnt     Gap

*     0+    0                           80.0000        0.0000           100.00%
      0     0        0.0000   506       80.0000        0.0000     3158  100.00%
*     0+    0                           78.0000        0.0000           100.00%
      0     0       -0.0000  1226       78.0000     Cuts: 527     8949  100.00%
      0     0       -0.0000   869       78.0000     Cuts: 466    11070  100.00%
*     0+    0                           68.0000        0.0000           100.00%
      0     0        0.0000  1318       68.0000    Cuts: 1074    17536  100.00%
*     0+    0                           64.0000        0.0000           100.00%
      0     2        0.0000   440       64.0000        0.0000    17819  100.00%
Elapsed time = 10.73 sec. (10987.20 ticks, tree = 0.02 MB, solutions = 4)
*     2+    2                           63.0000        0.0000           100.00%
      8     8        0.0000   487       63.0000        0.0000    21457  100.00%
     95    30        2.0000   427       63.0000        0.0000    26880  100.00%
    320   208        0.0000   456       63.0000        0.0000    55837  100.00%
    523   307        9.0000   442       63.0000        0.0000    74345  100.00%
    800   438        4.0000   436       63.0000        0.0000    88582  100.00%
   1152   604        0.0000   479       63.0000        0.0000   101369  100.00%
   1452   864        0.0000   644       63.0000        0.0000   119203  100.00%
   1739   982        7.0000   371       63.0000        0.0000   127545  100.00%
   2055  1250        2.0000   499       63.0000        0.0000   140525  100.00%
   3362  2246        1.0000   510       63.0000        0.0000   194502  100.00%
Elapsed time = 17.41 sec. (14099.82 ticks, tree = 40.45 MB, solutions = 5)
   4534  2969        0.0000   652       63.0000        0.0000   235311  100.00%

Performing restart 1

Repeating presolve.
Tried aggregator 1 time.
MIP Presolve eliminated 1318 rows and 558 columns.
MIP Presolve modified 1869 coefficients.
Reduced MIP has 14578 rows, 8801 columns, and 49362 nonzeros.
Reduced MIP has 4233 binaries, 3811 generals, 0 SOSs, and 0 indicators.
Presolve time = 0.04 sec. (49.27 ticks)
Tried aggregator 1 time.
MIP Presolve eliminated 9 rows and 0 columns.
MIP Presolve modified 260 coefficients.
Reduced MIP has 14569 rows, 8801 columns, and 49250 nonzeros.
Reduced MIP has 4233 binaries, 3811 generals, 0 SOSs, and 0 indicators.
Presolve time = 0.03 sec. (42.19 ticks)
Represolve time = 0.26 sec. (251.86 ticks)
   4541     0        0.0000  1111       63.0000     Cuts: 457   249977  100.00%
   4541     0        0.0000  1901       63.0000    Cuts: 1314   255113  100.00%
   4541     0        0.0000  1067       63.0000     Cuts: 224   258481  100.00%
   4541     0        0.0000  1897       63.0000    Cuts: 1323   264714  100.00%
   4541     0        0.0000  1122       63.0000     Cuts: 338   268637  100.00%
   4541     0        0.0000  2029       63.0000    Cuts: 1192   275061  100.00%
   4541     0        0.0000   957       63.0000     Cuts: 190   278263  100.00%
   4541     0        0.0000  1748       63.0000    Cuts: 1730   286429  100.00%
   4541     2        0.0000   502       63.0000        0.0000   286429  100.00%
   4543     4        0.0000   757       63.0000        0.0000   290433  100.00%
   4545     6        0.0000   842       63.0000        0.0000   292730  100.00%
   4550     6        0.0000   824       63.0000        0.0000   293752  100.00%
   4570    23        0.0000   411       63.0000        0.0000   306273  100.00%
*  4621+   11                           62.0000        0.0000           100.00%
*  4679+   13                           59.0000        0.0000           100.00%
   4757    60       17.7500   218       59.0000        0.0000   316879  100.00%
   5194   423       26.0000   217       59.0000        0.0000   384510  100.00%
   5748   940       23.5000   222       59.0000        0.0000   440074  100.00%
   6592  1498       53.0833   130       59.0000        0.0000   480666  100.00%
Elapsed time = 80.65 sec. (68216.81 ticks, tree = 20.34 MB, solutions = 8)
*  6639+ 1321                           56.0000        0.0000           100.00%
*  7218+ 1573                           55.0000        0.0000           100.00%
   8006  2213       31.0000   157       55.0000        0.0000   531419  100.00%
*  9190+ 2551                           53.0000        0.0000           100.00%
   9600  3652       38.0000   252       53.0000        0.0000   607150  100.00%
* 10021+ 3899                           52.0000        0.0000           100.00%
  10252  4049       12.0000   258       52.0000        0.0000   655979  100.00%
  11970  4684       26.0833   382       52.0000        0.0000   706827  100.00%
  12752  6149       39.5833   191       52.0000        0.0000   802242  100.00%
  14458  6829       48.0000   173       52.0000        0.0000   842291  100.00%
  15113  8072       34.6667   213       52.0000        0.0000   936372  100.00%
  15657  8428       45.3333   227       52.0000        0.0000   984610  100.00%
  16773  8884        0.0000   473       52.0000        0.0000  1025124  100.00%
  17341  9665        0.0000   457       52.0000        0.0000  1118342  100.00%
Elapsed time = 103.45 sec. (77766.04 ticks, tree = 84.09 MB, solutions = 15)
  17902 10111       31.2500   379       52.0000        0.0000  1198181  100.00%
  18384 10431        cutoff             52.0000        0.0000  1254702  100.00%
Starting limited solution polishing.
  18684 10666    infeasible             52.0000        0.0000  1340614  100.00%
  19040 10910       13.0000   191       52.0000        0.0000  1410666  100.00%
  19469 11051       36.6667   130       52.0000        0.0000  1459317  100.00%
  19832 11453       26.9167   257       52.0000        0.0000  1551169  100.00%

GUB cover cuts applied:  14
Clique cuts applied:  10
Cover cuts applied:  141
Implied bound cuts applied:  132
Flow cuts applied:  68
Mixed integer rounding cuts applied:  66
Zero-half cuts applied:  19

Root node processing (before b&c):
  Real time             =   10.44 sec. (10649.21 ticks)
Parallel b&c, 16 threads:
  Real time             =  109.59 sec. (74040.98 ticks)
  Sync time (average)   =   19.07 sec.
  Wait time (average)   =    0.04 sec.
                          ------------
Total (root+branch&cut) =  120.03 sec. (84690.19 ticks)

------------------------------
Bounds on # of cuts = 8 with [3 3 2]
Error = 52 (out of 100 instances)
Accuracy = 48
Solving time = 120040.254150391 ms (milliseconds)

Solution status code = 11
LB on error =  4.371003349e-16
Relative objective gap = 1

Selected variables:
	A_AGE (Continuous)
	PEMLR (Categorical)

Number of selected variables = 2 (1 continuous + 1 categorical)
------------------------------
*** ERROR[INTERFACE_000] at 403:0 mixed-boxes-full-pro-seltol-limit/mixed-boxes-full-pro-seltol-limit.mod: File "tmp/current-engine.log" not found.
main returns -2

<<< main


<<< done

