
<<< setup

Version identifier: 22.1.1.0 | 2022-11-28 | 9160aff4d
CPXPARAM_TimeLimit                               480
Tried aggregator 1 time.
MIP Presolve eliminated 2822 rows and 1608 columns.
MIP Presolve modified 260 coefficients.
Reduced MIP has 15896 rows, 9359 columns, and 53213 nonzeros.
Reduced MIP has 4503 binaries, 4051 generals, 0 SOSs, and 0 indicators.
Presolve time = 0.06 sec. (48.22 ticks)
Found incumbent of value 80.000000 after 0.08 sec. (58.45 ticks)
Probing time = 0.02 sec. (5.89 ticks)
Tried aggregator 1 time.
Detecting symmetries...
Reduced MIP has 15896 rows, 9359 columns, and 53213 nonzeros.
Reduced MIP has 4503 binaries, 4051 generals, 0 SOSs, and 0 indicators.
Presolve time = 0.06 sec. (40.13 ticks)
Probing time = 0.01 sec. (5.80 ticks)
Clique table members: 15246.
MIP emphasis: balance optimality and feasibility.
MIP search method: dynamic search.
Parallel mode: deterministic, using up to 16 threads.
Root relaxation solution time = 0.26 sec. (248.11 ticks)

        Nodes                                         Cuts/
   Node  Left     Objective  IInf  Best Integer    Best Bound    ItCnt     Gap

*     0+    0                           80.0000        0.0000           100.00%
      0     0        0.0000   506       80.0000        0.0000     3158  100.00%
*     0+    0                           78.0000        0.0000           100.00%
      0     0       -0.0000  1226       78.0000     Cuts: 527     8949  100.00%
      0     0       -0.0000   869       78.0000     Cuts: 466    11070  100.00%
*     0+    0                           68.0000        0.0000           100.00%
      0     0        0.0000  1318       68.0000    Cuts: 1074    17536  100.00%
*     0+    0                           64.0000        0.0000           100.00%
      0     2        0.0000   440       64.0000        0.0000    17819  100.00%
Elapsed time = 9.02 sec. (10987.20 ticks, tree = 0.02 MB, solutions = 4)
*     2+    2                           63.0000        0.0000           100.00%
      8     8        0.0000   487       63.0000        0.0000    21457  100.00%
     95    30        2.0000   427       63.0000        0.0000    26880  100.00%
    320   208        0.0000   456       63.0000        0.0000    55837  100.00%
    523   307        9.0000   442       63.0000        0.0000    74345  100.00%
    800   438        4.0000   436       63.0000        0.0000    88582  100.00%
   1152   604        0.0000   479       63.0000        0.0000   101369  100.00%
   1452   864        0.0000   644       63.0000        0.0000   119203  100.00%
   1739   982        7.0000   371       63.0000        0.0000   127545  100.00%
   2055  1250        2.0000   499       63.0000        0.0000   140525  100.00%
   3362  2246        1.0000   510       63.0000        0.0000   194502  100.00%
Elapsed time = 15.40 sec. (14099.82 ticks, tree = 40.45 MB, solutions = 5)
   4534  2969        0.0000   652       63.0000        0.0000   235311  100.00%

Performing restart 1

Repeating presolve.
Tried aggregator 1 time.
MIP Presolve eliminated 1318 rows and 558 columns.
MIP Presolve modified 1869 coefficients.
Reduced MIP has 14578 rows, 8801 columns, and 49362 nonzeros.
Reduced MIP has 4233 binaries, 3811 generals, 0 SOSs, and 0 indicators.
Presolve time = 0.03 sec. (49.27 ticks)
Tried aggregator 1 time.
MIP Presolve eliminated 9 rows and 0 columns.
MIP Presolve modified 260 coefficients.
Reduced MIP has 14569 rows, 8801 columns, and 49250 nonzeros.
Reduced MIP has 4233 binaries, 3811 generals, 0 SOSs, and 0 indicators.
Presolve time = 0.03 sec. (42.19 ticks)
Represolve time = 0.24 sec. (251.86 ticks)
   4541     0        0.0000  1111       63.0000     Cuts: 457   249977  100.00%
   4541     0        0.0000  1901       63.0000    Cuts: 1314   255113  100.00%
   4541     0        0.0000  1067       63.0000     Cuts: 224   258481  100.00%
   4541     0        0.0000  1897       63.0000    Cuts: 1323   264714  100.00%
   4541     0        0.0000  1122       63.0000     Cuts: 338   268637  100.00%
   4541     0        0.0000  2029       63.0000    Cuts: 1192   275061  100.00%
   4541     0        0.0000   957       63.0000     Cuts: 190   278263  100.00%
   4541     0        0.0000  1748       63.0000    Cuts: 1730   286429  100.00%
   4541     2        0.0000   502       63.0000        0.0000   286429  100.00%
   4543     4        0.0000   757       63.0000        0.0000   290433  100.00%
   4545     6        0.0000   842       63.0000        0.0000   292730  100.00%
   4550     6        0.0000   824       63.0000        0.0000   293752  100.00%
   4570    23        0.0000   411       63.0000        0.0000   306273  100.00%
*  4621+   11                           62.0000        0.0000           100.00%
*  4679+   13                           59.0000        0.0000           100.00%
   4757    60       17.7500   218       59.0000        0.0000   316879  100.00%
   5194   423       26.0000   217       59.0000        0.0000   384510  100.00%
   5748   940       23.5000   222       59.0000        0.0000   440074  100.00%
   6592  1498       53.0833   130       59.0000        0.0000   480666  100.00%
Elapsed time = 68.05 sec. (68216.81 ticks, tree = 20.34 MB, solutions = 8)
*  6639+ 1321                           56.0000        0.0000           100.00%
*  7218+ 1573                           55.0000        0.0000           100.00%
   8006  2213       31.0000   157       55.0000        0.0000   531419  100.00%
*  9190+ 2551                           53.0000        0.0000           100.00%
   9600  3652       38.0000   252       53.0000        0.0000   607150  100.00%
* 10021+ 3899                           52.0000        0.0000           100.00%
  10252  4049       12.0000   258       52.0000        0.0000   655979  100.00%
  11970  4684       26.0833   382       52.0000        0.0000   706827  100.00%
  12752  6149       39.5833   191       52.0000        0.0000   802242  100.00%
  14458  6829       48.0000   173       52.0000        0.0000   842291  100.00%
  15113  8072       34.6667   213       52.0000        0.0000   936372  100.00%
  15657  8428       45.3333   227       52.0000        0.0000   984610  100.00%
  16773  8884        0.0000   473       52.0000        0.0000  1025124  100.00%
  17341  9665        0.0000   457       52.0000        0.0000  1118342  100.00%
Elapsed time = 86.11 sec. (77766.04 ticks, tree = 84.09 MB, solutions = 15)
  17902 10111       31.2500   379       52.0000        0.0000  1198181  100.00%
  18384 10431        cutoff             52.0000        0.0000  1254702  100.00%
  18684 10666    infeasible             52.0000        0.0000  1340614  100.00%
  19042 10902       33.5000   184       52.0000        0.0000  1402984  100.00%
  19477 11214       48.5000   143       52.0000        0.0000  1480745  100.00%
  19874 11425       20.0250   358       52.0000        0.0000  1539349  100.00%
  20373 11607        0.0000   515       52.0000        0.0000  1582866  100.00%
  20891 12009       48.7500    68       52.0000        0.0000  1656073  100.00%
  21387 12410        9.2500   291       52.0000        0.0000  1731414  100.00%
  21830 12941       34.3333   171       52.0000        0.0000  1842647  100.00%
Elapsed time = 105.14 sec. (87317.53 ticks, tree = 109.63 MB, solutions = 15)
  22312 12987        0.7500   320       52.0000        0.0000  1858984  100.00%
  22891 13505       20.5000   225       52.0000        0.0000  1945817  100.00%
  23280 13819       20.3333   167       52.0000        0.0000  1984406  100.00%
  23700 14247       34.5833   192       52.0000        0.0000  2059092  100.00%
  24042 14333       32.3333   165       52.0000        0.0000  2088243  100.00%
  24309 14644       33.6667   208       52.0000        0.0000  2145489  100.00%
  24878 15072        cutoff             52.0000        0.0000  2241643  100.00%
  25194 15318       16.2500   366       52.0000        0.0000  2302307  100.00%
  25545 15518       31.7500   168       52.0000        0.0000  2361582  100.00%
  26018 15806       47.4167    74       52.0000        0.0000  2406060  100.00%
Elapsed time = 125.53 sec. (96875.22 ticks, tree = 132.91 MB, solutions = 15)
  26536 16388       29.4167   171       52.0000        0.0000  2502889  100.00%
  27059 16539       24.0833   167       52.0000        0.0000  2525481  100.00%
  27417 17071       36.5833   170       52.0000        0.0000  2611223  100.00%
  27776 17340       17.5250   325       52.0000        0.0000  2664435  100.00%
  28057 17566       20.0000   210       52.0000        0.0000  2719191  100.00%
  28404 17901       28.8333   146       52.0000        0.0000  2782848  100.00%
  28769 18132       30.3333   142       52.0000        0.0000  2820173  100.00%
  28986 18403       28.0000   160       52.0000        0.0000  2876588  100.00%
  29270 18422       13.2500   355       52.0000        0.0000  2893168  100.00%
* 29354+18441                           51.0000        0.0000           100.00%
  29457 18555        4.0833   247       51.0000        0.0000  2917903  100.00%
Elapsed time = 149.42 sec. (106448.13 ticks, tree = 155.43 MB, solutions = 16)
  29703 18658       39.3333   144       51.0000        0.0000  2960557  100.00%
  29937 18929       18.3333   235       51.0000        0.0000  3038192  100.00%
  30132 19214       43.8333    84       51.0000        0.0000  3088507  100.00%
  30396 19252       43.7500   174       51.0000        0.0000  3099622  100.00%
  30601 19462       24.9167   249       51.0000        0.0000  3154598  100.00%
  30781 19700        0.0000   435       51.0000        0.0000  3189788  100.00%
  31011 19767       26.8333   195       51.0000        0.0000  3226633  100.00%
  31202 19996       37.8333    93       51.0000        0.0000  3305156  100.00%
  31302 20052       42.4167   111       51.0000        0.0000  3316608  100.00%
  31405 20150       36.9167   151       51.0000        0.0000  3329229  100.00%
Elapsed time = 178.24 sec. (116031.14 ticks, tree = 168.16 MB, solutions = 16)
  31495 20306       16.0000   439       51.0000        0.0000  3410589  100.00%
  31645 20292       13.6667   408       51.0000        0.0000  3399963  100.00%
  31740 20354        cutoff             51.0000        0.0000  3432308  100.00%
  31819 20476        4.7500   674       51.0000        0.0000  3489433  100.00%
  31867 20532       35.1667   195       51.0000        0.0000  3513459  100.00%
  31918 20642    infeasible             51.0000        0.0000  3543405  100.00%
  31936 20714       15.7500   417       51.0000        0.0000  3595453  100.00%
  31993 20725       18.3214   264       51.0000        0.0000  3599800  100.00%
  32116 20761        0.0000   711       51.0000        0.0000  3629175  100.00%
  32164 20818       44.7500   106       51.0000        0.0000  3657665  100.00%
Elapsed time = 209.87 sec. (125707.45 ticks, tree = 173.42 MB, solutions = 16)
  32270 20897       18.0000   277       51.0000        0.0000  3690619  100.00%
  32389 20982        cutoff             51.0000        0.0000  3728768  100.00%
  32480 21103       26.5000   153       51.0000        0.0000  3792285  100.00%
  32685 21324       18.7500   318       51.0000        0.0000  3882217  100.00%
  32892 21496       35.8333   149       51.0000        0.0000  3947068  100.00%
  33059 21584        0.0000   547       51.0000        0.0000  4009379  100.00%
  33275 21618       24.9167   216       51.0000        0.0000  4022985  100.00%
  33504 21821        9.7500   242       51.0000        0.0000  4093037  100.00%
  33692 21889       28.3333    99       51.0000        0.0000  4107854  100.00%
  33973 22163       46.5833   113       51.0000        0.0000  4172750  100.00%
Elapsed time = 238.27 sec. (135345.70 ticks, tree = 184.65 MB, solutions = 16)
  34072 22234       15.6667   262       51.0000        0.0000  4182769  100.00%
  34280 22437        0.0000   467       51.0000        0.0000  4257430  100.00%
  34515 22599       16.0000   241       51.0000        0.0000  4329112  100.00%
  34788 22657        2.2500   553       51.0000        0.0000  4343104  100.00%
  35054 22942       29.1667   181       51.0000        0.0000  4392569  100.00%
  35291 23200        5.2500   464       51.0000        0.0000  4469032  100.00%
  35497 23138       28.7500   162       51.0000        0.0000  4438797  100.00%
  35641 23448       32.6667   227       51.0000        0.0000  4537629  100.00%
  35940 23693        9.2500   389       51.0000        0.0000  4608320  100.00%
  37001 24294       42.9167   102       51.0000        0.0000  4766903  100.00%
Elapsed time = 275.29 sec. (147788.40 ticks, tree = 208.93 MB, solutions = 16)
  37777 25054       23.3944   414       51.0000        0.0000  4926097  100.00%
  38651 25647        1.7500   551       51.0000        0.0000  5064191  100.00%
  39726 26629       19.5000   241       51.0000        0.0000  5267681  100.00%
  40655 27453       25.8750   162       51.0000        0.0000  5427380  100.00%
  41318 27869       18.0833   215       51.0000        0.0000  5526624  100.00%
  41915 28519        cutoff             51.0000        0.0000  5689087  100.00%
  42535 28965        9.7500   322       51.0000        0.0000  5805343  100.00%
  43158 29487       14.6667   237       51.0000        0.0000  5918984  100.00%
  43667 30215       38.5833   108       51.0000        0.0000  6202696  100.00%
  44275 30733       40.4167    96       51.0000        0.0000  6346293  100.00%
Elapsed time = 404.31 sec. (185976.43 ticks, tree = 261.81 MB, solutions = 16)
* 44507+30815                           50.0000        0.0000           100.00%
  44705 30832       19.0000   256       50.0000        0.0000  6489527  100.00%
  45109 31113       38.9167   149       50.0000        0.0000  6581545  100.00%
Starting limited solution polishing.
  45448 31514       39.6250   186       50.0000        0.0000  6781032  100.00%
  45918 31684       24.0833   203       50.0000        0.0000  6864209  100.00%
  46350 32189       14.5833   363       50.0000        0.0000  7060872  100.00%

GUB cover cuts applied:  174
Clique cuts applied:  109
Cover cuts applied:  2249
Implied bound cuts applied:  349
Flow cuts applied:  454
Mixed integer rounding cuts applied:  770
Zero-half cuts applied:  116
Gomory fractional cuts applied:  20

Root node processing (before b&c):
  Real time             =    8.76 sec. (10649.13 ticks)
Parallel b&c, 16 threads:
  Real time             =  471.29 sec. (198064.65 ticks)
  Sync time (average)   =   98.82 sec.
  Wait time (average)   =    0.04 sec.
                          ------------
Total (root+branch&cut) =  480.05 sec. (208713.78 ticks)

------------------------------
Bounds on # of cuts = 8 with [3 3 2]
Error = 50 (out of 100 instances)
Accuracy = 50
Solving time = 480062.700927734 ms (milliseconds)

Solution status code = 11
LB on error =  4.371003349e-16
Relative objective gap = 1

Selected variables:
	A_AGE (Continuous)
	PEMLR (Categorical)

Number of selected variables = 2 (1 continuous + 1 categorical)
------------------------------
*** ERROR[INTERFACE_000] at 403:0 mixed-boxes-full-pro-seltol-limit/mixed-boxes-full-pro-seltol-limit.mod: File "tmp/current-engine.log" not found.
main returns -2

<<< main


<<< done

